# JRE version: Java(TM) SE Runtime Environment (8.0_241-b07) (build 1.8.0_241-b07)
# Java VM: Java HotSpot(TM) 64-Bit Server VM (25.241-b07 mixed mode windows-amd64 compressed oops)
Heap:
 PSYoungGen      total 35328K, used 30055K [0x00000000ead80000, 0x00000000ef980000, 0x0000000100000000)
  eden space 32768K, 91% used [0x00000000ead80000,0x00000000ecad9f88,0x00000000ecd80000)
  from space 2560K, 0% used [0x00000000ecd80000,0x00000000ecd80000,0x00000000ed000000)
  to   space 6144K, 0% used [0x00000000ef380000,0x00000000ef380000,0x00000000ef980000)
 ParOldGen       total 29696K, used 6689K [0x00000000c0800000, 0x00000000c2500000, 0x00000000ead80000)
  object space 29696K, 22% used [0x00000000c0800000,0x00000000c0e88730,0x00000000c2500000)
 Metaspace       used 25053K, capacity 25600K, committed 25856K, reserved 1071104K
  class space    used 3369K, capacity 3522K, committed 3584K, reserved 1048576K
GC Heap History (10 events):
Event: 2.052 GC heap before
{Heap before GC invocations=4 (full 0):
 PSYoungGen      total 18944K, used 18335K [0x00000000ead80000, 0x00000000ed280000, 0x0000000100000000)
  eden space 16384K, 99% used [0x00000000ead80000,0x00000000ebd73580,0x00000000ebd80000)
  from space 2560K, 78% used [0x00000000ebd80000,0x00000000ebf74680,0x00000000ec000000)
  to   space 2560K, 0% used [0x00000000ed000000,0x00000000ed000000,0x00000000ed280000)
 ParOldGen       total 44032K, used 1190K [0x00000000c0800000, 0x00000000c3300000, 0x00000000ead80000)
  object space 44032K, 2% used [0x00000000c0800000,0x00000000c09298c8,0x00000000c3300000)
 Metaspace       used 9555K, capacity 9914K, committed 10112K, reserved 1058816K
  class space    used 1159K, capacity 1291K, committed 1408K, reserved 1048576K
Event: 2.058 GC heap after
Heap after GC invocations=4 (full 0):
 PSYoungGen      total 35328K, used 2036K [0x00000000ead80000, 0x00000000ed280000, 0x0000000100000000)
  eden space 32768K, 0% used [0x00000000ead80000,0x00000000ead80000,0x00000000ecd80000)
  from space 2560K, 79% used [0x00000000ed000000,0x00000000ed1fd3f0,0x00000000ed280000)
  to   space 2560K, 0% used [0x00000000ecd80000,0x00000000ecd80000,0x00000000ed000000)
 ParOldGen       total 44032K, used 1190K [0x00000000c0800000, 0x00000000c3300000, 0x00000000ead80000)
  object space 44032K, 2% used [0x00000000c0800000,0x00000000c09298c8,0x00000000c3300000)
 Metaspace       used 9555K, capacity 9914K, committed 10112K, reserved 1058816K
  class space    used 1159K, capacity 1291K, committed 1408K, reserved 1048576K
}
Event: 3.268 GC heap before
{Heap before GC invocations=5 (full 0):
 PSYoungGen      total 35328K, used 34804K [0x00000000ead80000, 0x00000000ed280000, 0x0000000100000000)
  eden space 32768K, 100% used [0x00000000ead80000,0x00000000ecd80000,0x00000000ecd80000)
  from space 2560K, 79% used [0x00000000ed000000,0x00000000ed1fd3f0,0x00000000ed280000)
  to   space 2560K, 0% used [0x00000000ecd80000,0x00000000ecd80000,0x00000000ed000000)
 ParOldGen       total 44032K, used 1190K [0x00000000c0800000, 0x00000000c3300000, 0x00000000ead80000)
  object space 44032K, 2% used [0x00000000c0800000,0x00000000c09298c8,0x00000000c3300000)
 Metaspace       used 13837K, capacity 14254K, committed 14464K, reserved 1062912K
  class space    used 1752K, capacity 1869K, committed 1920K, reserved 1048576K
Event: 3.284 GC heap after
Heap after GC invocations=5 (full 0):
 PSYoungGen      total 35328K, used 2535K [0x00000000ead80000, 0x00000000ef980000, 0x0000000100000000)
  eden space 32768K, 0% used [0x00000000ead80000,0x00000000ead80000,0x00000000ecd80000)
  from space 2560K, 99% used [0x00000000ecd80000,0x00000000ecff9e18,0x00000000ed000000)
  to   space 6144K, 0% used [0x00000000ef380000,0x00000000ef380000,0x00000000ef980000)
 ParOldGen       total 44032K, used 4667K [0x00000000c0800000, 0x00000000c3300000, 0x00000000ead80000)
  object space 44032K, 10% used [0x00000000c0800000,0x00000000c0c8ec40,0x00000000c3300000)
 Metaspace       used 13837K, capacity 14254K, committed 14464K, reserved 1062912K
  class space    used 1752K, capacity 1869K, committed 1920K, reserved 1048576K
}
Event: 5.783 GC heap before
{Heap before GC invocations=6 (full 0):
 PSYoungGen      total 35328K, used 35303K [0x00000000ead80000, 0x00000000ef980000, 0x0000000100000000)
  eden space 32768K, 100% used [0x00000000ead80000,0x00000000ecd80000,0x00000000ecd80000)
  from space 2560K, 99% used [0x00000000ecd80000,0x00000000ecff9e18,0x00000000ed000000)
  to   space 6144K, 0% used [0x00000000ef380000,0x00000000ef380000,0x00000000ef980000)
 ParOldGen       total 44032K, used 4667K [0x00000000c0800000, 0x00000000c3300000, 0x00000000ead80000)
  object space 44032K, 10% used [0x00000000c0800000,0x00000000c0c8ec40,0x00000000c3300000)
 Metaspace       used 19249K, capacity 19768K, committed 19968K, reserved 1067008K
  class space    used 2581K, capacity 2734K, committed 2816K, reserved 1048576K
Event: 5.802 GC heap after
Heap after GC invocations=6 (full 0):
 PSYoungGen      total 38912K, used 6131K [0x00000000ead80000, 0x00000000ef980000, 0x0000000100000000)
  eden space 32768K, 0% used [0x00000000ead80000,0x00000000ead80000,0x00000000ecd80000)
  from space 6144K, 99% used [0x00000000ef380000,0x00000000ef97cec0,0x00000000ef980000)
  to   space 2560K, 0% used [0x00000000ecd80000,0x00000000ecd80000,0x00000000ed000000)
 ParOldGen       total 44032K, used 5758K [0x00000000c0800000, 0x00000000c3300000, 0x00000000ead80000)
  object space 44032K, 13% used [0x00000000c0800000,0x00000000c0d9f990,0x00000000c3300000)
 Metaspace       used 19249K, capacity 19768K, committed 19968K, reserved 1067008K
  class space    used 2581K, capacity 2734K, committed 2816K, reserved 1048576K
}
Event: 6.403 GC heap before
{Heap before GC invocations=7 (full 0):
 PSYoungGen      total 38912K, used 16545K [0x00000000ead80000, 0x00000000ef980000, 0x0000000100000000)
  eden space 32768K, 31% used [0x00000000ead80000,0x00000000eb7ab808,0x00000000ecd80000)
  from space 6144K, 99% used [0x00000000ef380000,0x00000000ef97cec0,0x00000000ef980000)
  to   space 2560K, 0% used [0x00000000ecd80000,0x00000000ecd80000,0x00000000ed000000)
 ParOldGen       total 44032K, used 5758K [0x00000000c0800000, 0x00000000c3300000, 0x00000000ead80000)
  object space 44032K, 13% used [0x00000000c0800000,0x00000000c0d9f990,0x00000000c3300000)
 Metaspace       used 20726K, capacity 21196K, committed 21296K, reserved 1067008K
  class space    used 2795K, capacity 2932K, committed 2944K, reserved 1048576K
Event: 6.417 GC heap after
Heap after GC invocations=7 (full 0):
 PSYoungGen      total 35328K, used 2549K [0x00000000ead80000, 0x00000000ef980000, 0x0000000100000000)
  eden space 32768K, 0% used [0x00000000ead80000,0x00000000ead80000,0x00000000ecd80000)
  from space 2560K, 99% used [0x00000000ecd80000,0x00000000ecffd430,0x00000000ed000000)
  to   space 6144K, 0% used [0x00000000ef380000,0x00000000ef380000,0x00000000ef980000)
 ParOldGen       total 44032K, used 9095K [0x00000000c0800000, 0x00000000c3300000, 0x00000000ead80000)
  object space 44032K, 20% used [0x00000000c0800000,0x00000000c10e1d78,0x00000000c3300000)
 Metaspace       used 20726K, capacity 21196K, committed 21296K, reserved 1067008K
  class space    used 2795K, capacity 2932K, committed 2944K, reserved 1048576K
}
Event: 6.417 GC heap before
{Heap before GC invocations=8 (full 1):
 PSYoungGen      total 35328K, used 2549K [0x00000000ead80000, 0x00000000ef980000, 0x0000000100000000)
  eden space 32768K, 0% used [0x00000000ead80000,0x00000000ead80000,0x00000000ecd80000)
  from space 2560K, 99% used [0x00000000ecd80000,0x00000000ecffd430,0x00000000ed000000)
  to   space 6144K, 0% used [0x00000000ef380000,0x00000000ef380000,0x00000000ef980000)
 ParOldGen       total 44032K, used 9095K [0x00000000c0800000, 0x00000000c3300000, 0x00000000ead80000)
  object space 44032K, 20% used [0x00000000c0800000,0x00000000c10e1d78,0x00000000c3300000)
 Metaspace       used 20726K, capacity 21196K, committed 21296K, reserved 1067008K
  class space    used 2795K, capacity 2932K, committed 2944K, reserved 1048576K
Event: 6.483 GC heap after
Heap after GC invocations=8 (full 1):
 PSYoungGen      total 35328K, used 0K [0x00000000ead80000, 0x00000000ef980000, 0x0000000100000000)
  eden space 32768K, 0% used [0x00000000ead80000,0x00000000ead80000,0x00000000ecd80000)
  from space 2560K, 0% used [0x00000000ecd80000,0x00000000ecd80000,0x00000000ed000000)
  to   space 6144K, 0% used [0x00000000ef380000,0x00000000ef380000,0x00000000ef980000)
 ParOldGen       total 29696K, used 6689K [0x00000000c0800000, 0x00000000c2500000, 0x00000000ead80000)
  object space 29696K, 22% used [0x00000000c0800000,0x00000000c0e88730,0x00000000c2500000)
 Metaspace       used 20726K, capacity 21196K, committed 21296K, reserved 1067008K
  class space    used 2795K, capacity 2932K, committed 2944K, reserved 1048576K
}

